#
# There is insufficient memory for the Java Runtime Environment to continue.
# Native memory allocation (malloc) failed to allocate 32744 bytes for ChunkPool::allocate
# Possible reasons:
#   The system is out of physical RAM or swap space
#   The process is running with CompressedOops enabled, and the Java Heap may be blocking the growth of the native heap
# Possible solutions:
#   Reduce memory load on the system
#   Increase physical memory or swap space
#   Check if swap backing store is full
#   Decrease Java heap size (-Xmx/-Xms)
#   Decrease number of Java threads
#   Decrease Java thread stack sizes (-Xss)
#   Set larger code cache with -XX:ReservedCodeCacheSize=
#   JVM is running with Unscaled Compressed Oops mode in which the Java heap is
#     placed in the first 4GB address space. The Java Heap base address is the
#     maximum limit for the native heap growth. Please use -XX:HeapBaseMinAddress
#     to set the Java Heap base and to place the Java Heap above 4GB virtual address.
# This output file may be truncated or incomplete.
#
#  Out of Memory Error (./src/hotspot/share/memory/arena.cpp:81), pid=23136, tid=21156
#
# JRE version: OpenJDK Runtime Environment Corretto-11.0.9.12.1 (11.0.9.1+12) (build 11.0.9.1+12-LTS)
# Java VM: OpenJDK 64-Bit Server VM Corretto-11.0.9.12.1 (11.0.9.1+12-LTS, mixed mode, tiered, compressed oops, g1 gc, windows-amd64)
# No core dump will be written. Minidumps are not enabled by default on client versions of Windows
#

---------------  S U M M A R Y ------------

Command Line: -javaagent:C:\Program Files\JetBrains\IntelliJ IDEA Community Edition 2020.3\lib\idea_rt.jar=65134:C:\Program Files\JetBrains\IntelliJ IDEA Community Edition 2020.3\bin -Dfile.encoding=UTF-8 com.BackConnected.BackConnectedApplication

Host: Intel(R) Core(TM) i7-8565U CPU @ 1.80GHz, 8 cores, 7G,  Windows 10 , 64 bit Build 19041 (10.0.19041.1023)
Time: Sun Jun 27 15:57:47 2021 GTB Daylight Time elapsed time: 453.229469 seconds (0d 0h 7m 33s)

---------------  T H R E A D  ---------------

Current thread (0x00000289721f6800):  JavaThread "C2 CompilerThread0" daemon [_thread_in_native, id=21156, stack(0x000000b2d8c00000,0x000000b2d8d00000)]


Current CompileTask:
C2: 453230 6968       4       java.io.File::listFiles (52 bytes)

Stack: [0x000000b2d8c00000,0x000000b2d8d00000]
Native frames: (J=compiled Java code, j=interpreted, Vv=VM code, C=native code)
V  [jvm.dll+0x5f504a]
V  [jvm.dll+0x77d3ee]
V  [jvm.dll+0x77eabf]
V  [jvm.dll+0x77f183]
V  [jvm.dll+0x247668]
V  [jvm.dll+0xbe65b]
V  [jvm.dll+0xbe9bc]
V  [jvm.dll+0x5b9013]
V  [jvm.dll+0x5b8b55]
V  [jvm.dll+0x1ab1d1]
V  [jvm.dll+0x32f8e4]
V  [jvm.dll+0x2b5387]
V  [jvm.dll+0x6122e8]
V  [jvm.dll+0x60a05f]
V  [jvm.dll+0x60969e]
V  [jvm.dll+0x60750e]
V  [jvm.dll+0x18792c]
V  [jvm.dll+0x2b5876]
V  [jvm.dll+0x6122e8]
V  [jvm.dll+0x60a05f]
V  [jvm.dll+0x60969e]
V  [jvm.dll+0x60750e]
V  [jvm.dll+0x18792c]
V  [jvm.dll+0x1fff51]
V  [jvm.dll+0x184fbc]
V  [jvm.dll+0x20f697]
V  [jvm.dll+0x20d87b]
V  [jvm.dll+0x741ca9]
V  [jvm.dll+0x73ad54]
V  [jvm.dll+0x5f3f76]
C  [ucrtbase.dll+0x21bb2]
C  [KERNEL32.DLL+0x17034]
C  [ntdll.dll+0x52651]


---------------  P R O C E S S  ---------------

Threads class SMR info:
_java_thread_list=0x0000028978d3f3b0, length=33, elements={
0x00000289721da800, 0x00000289721e4800, 0x00000289721f1000, 0x00000289721f2000,
0x00000289721f6800, 0x0000028972b45800, 0x0000028972b47800, 0x000002897216c000,
0x00000289732cb800, 0x00000289732cc800, 0x0000028976057000, 0x0000028978e7c000,
0x000002897566e000, 0x0000028977be8800, 0x000002897566a000, 0x0000028978ec3000,
0x0000028978ec4000, 0x0000028978ec2800, 0x0000028978ec8000, 0x0000028978ec5000,
0x0000028978ec6800, 0x0000028978ec5800, 0x0000028978ec7000, 0x0000028978ec9000,
0x0000028975cd4800, 0x0000028975cd7000, 0x0000028975cd8000, 0x0000028975cd5800,
0x0000028975cd6000, 0x0000028975cd2000, 0x0000028975cd8800, 0x0000028975cd3000,
0x0000028975cd9800
}

Java Threads: ( => current thread )
  0x00000289721da800 JavaThread "Reference Handler" daemon [_thread_blocked, id=25976, stack(0x000000b2d8800000,0x000000b2d8900000)]
  0x00000289721e4800 JavaThread "Finalizer" daemon [_thread_blocked, id=22092, stack(0x000000b2d8900000,0x000000b2d8a00000)]
  0x00000289721f1000 JavaThread "Signal Dispatcher" daemon [_thread_blocked, id=23228, stack(0x000000b2d8a00000,0x000000b2d8b00000)]
  0x00000289721f2000 JavaThread "Attach Listener" daemon [_thread_blocked, id=22280, stack(0x000000b2d8b00000,0x000000b2d8c00000)]
=>0x00000289721f6800 JavaThread "C2 CompilerThread0" daemon [_thread_in_native, id=21156, stack(0x000000b2d8c00000,0x000000b2d8d00000)]
  0x0000028972b45800 JavaThread "C1 CompilerThread0" daemon [_thread_blocked, id=18808, stack(0x000000b2d8d00000,0x000000b2d8e00000)]
  0x0000028972b47800 JavaThread "Sweeper thread" daemon [_thread_blocked, id=27300, stack(0x000000b2d8e00000,0x000000b2d8f00000)]
  0x000002897216c000 JavaThread "Common-Cleaner" daemon [_thread_blocked, id=25200, stack(0x000000b2d8f00000,0x000000b2d9000000)]
  0x00000289732cb800 JavaThread "Monitor Ctrl-Break" daemon [_thread_in_native, id=21592, stack(0x000000b2d9100000,0x000000b2d9200000)]
  0x00000289732cc800 JavaThread "Service Thread" daemon [_thread_blocked, id=14296, stack(0x000000b2d9200000,0x000000b2d9300000)]
  0x0000028976057000 JavaThread "mysql-cj-abandoned-connection-cleanup" daemon [_thread_blocked, id=23088, stack(0x000000b2d9800000,0x000000b2d9900000)]
  0x0000028978e7c000 JavaThread "HikariPool-1 housekeeper" daemon [_thread_blocked, id=8076, stack(0x000000b2da000000,0x000000b2da100000)]
  0x000002897566e000 JavaThread "Catalina-utility-1" [_thread_blocked, id=2560, stack(0x000000b2da100000,0x000000b2da200000)]
  0x0000028977be8800 JavaThread "Catalina-utility-2" [_thread_blocked, id=7772, stack(0x000000b2da300000,0x000000b2da400000)]
  0x000002897566a000 JavaThread "container-0" [_thread_blocked, id=29316, stack(0x000000b2da400000,0x000000b2da500000)]
  0x0000028978ec3000 JavaThread "Live Reload Server" daemon [_thread_in_native, id=26364, stack(0x000000b2da600000,0x000000b2da700000)]
  0x0000028978ec4000 JavaThread "MessageBroker-1" [_thread_blocked, id=7480, stack(0x000000b2da500000,0x000000b2da600000)]
  0x0000028978ec2800 JavaThread "File Watcher" daemon [_thread_blocked, id=4372, stack(0x000000b2da700000,0x000000b2da800000)]
  0x0000028978ec8000 JavaThread "http-nio-8080-BlockPoller" daemon [_thread_in_native, id=10368, stack(0x000000b2da800000,0x000000b2da900000)]
  0x0000028978ec5000 JavaThread "http-nio-8080-exec-1" daemon [_thread_blocked, id=4812, stack(0x000000b2da900000,0x000000b2daa00000)]
  0x0000028978ec6800 JavaThread "http-nio-8080-exec-2" daemon [_thread_blocked, id=24520, stack(0x000000b2daa00000,0x000000b2dab00000)]
  0x0000028978ec5800 JavaThread "http-nio-8080-exec-3" daemon [_thread_blocked, id=9916, stack(0x000000b2dab00000,0x000000b2dac00000)]
  0x0000028978ec7000 JavaThread "http-nio-8080-exec-4" daemon [_thread_blocked, id=29412, stack(0x000000b2dac00000,0x000000b2dad00000)]
  0x0000028978ec9000 JavaThread "http-nio-8080-exec-5" daemon [_thread_blocked, id=19424, stack(0x000000b2dad00000,0x000000b2dae00000)]
  0x0000028975cd4800 JavaThread "http-nio-8080-exec-6" daemon [_thread_blocked, id=29416, stack(0x000000b2dae00000,0x000000b2daf00000)]
  0x0000028975cd7000 JavaThread "http-nio-8080-exec-7" daemon [_thread_blocked, id=5076, stack(0x000000b2daf00000,0x000000b2db000000)]
  0x0000028975cd8000 JavaThread "http-nio-8080-exec-8" daemon [_thread_blocked, id=29540, stack(0x000000b2db000000,0x000000b2db100000)]
  0x0000028975cd5800 JavaThread "http-nio-8080-exec-9" daemon [_thread_blocked, id=28944, stack(0x000000b2db100000,0x000000b2db200000)]
  0x0000028975cd6000 JavaThread "http-nio-8080-exec-10" daemon [_thread_blocked, id=26128, stack(0x000000b2db200000,0x000000b2db300000)]
  0x0000028975cd2000 JavaThread "http-nio-8080-ClientPoller" daemon [_thread_in_native, id=16208, stack(0x000000b2db300000,0x000000b2db400000)]
  0x0000028975cd8800 JavaThread "http-nio-8080-Acceptor" daemon [_thread_in_native, id=27228, stack(0x000000b2db400000,0x000000b2db500000)]
  0x0000028975cd3000 JavaThread "DestroyJavaVM" [_thread_blocked, id=8444, stack(0x000000b2d8100000,0x000000b2d8200000)]
  0x0000028975cd9800 JavaThread "MessageBroker-2" [_thread_blocked, id=17244, stack(0x000000b2d7e00000,0x000000b2d7f00000)]

Other Threads:
  0x00000289721d7000 VMThread "VM Thread" [stack: 0x000000b2d8700000,0x000000b2d8800000] [id=26988]
  0x00000289732cd800 WatcherThread [stack: 0x000000b2d9300000,0x000000b2d9400000] [id=27708]
  0x00000289532c4000 GCTaskThread "GC Thread#0" [stack: 0x000000b2d8200000,0x000000b2d8300000] [id=24292]
  0x0000028973a9c800 GCTaskThread "GC Thread#1" [stack: 0x000000b2d9400000,0x000000b2d9500000] [id=2756]
  0x0000028973a99800 GCTaskThread "GC Thread#2" [stack: 0x000000b2d9500000,0x000000b2d9600000] [id=27748]
  0x0000028973f15800 GCTaskThread "GC Thread#3" [stack: 0x000000b2d9900000,0x000000b2d9a00000] [id=3828]
  0x0000028973f14000 GCTaskThread "GC Thread#4" [stack: 0x000000b2d9a00000,0x000000b2d9b00000] [id=23040]
  0x0000028973f14800 GCTaskThread "GC Thread#5" [stack: 0x000000b2d9b00000,0x000000b2d9c00000] [id=19980]
  0x0000028973f11000 GCTaskThread "GC Thread#6" [stack: 0x000000b2d9c00000,0x000000b2d9d00000] [id=13128]
  0x0000028973f13000 GCTaskThread "GC Thread#7" [stack: 0x000000b2d9d00000,0x000000b2d9e00000] [id=18668]
  0x00000289532f7000 ConcurrentGCThread "G1 Main Marker" [stack: 0x000000b2d8300000,0x000000b2d8400000] [id=29000]
  0x00000289532f9800 ConcurrentGCThread "G1 Conc#0" [stack: 0x000000b2d8400000,0x000000b2d8500000] [id=17616]
  0x0000028973f16000 ConcurrentGCThread "G1 Conc#1" [stack: 0x000000b2d9e00000,0x000000b2d9f00000] [id=20776]
  0x0000028972020800 ConcurrentGCThread "G1 Refine#0" [stack: 0x000000b2d8500000,0x000000b2d8600000] [id=29740]
  0x0000028972021000 ConcurrentGCThread "G1 Young RemSet Sampling" [stack: 0x000000b2d8600000,0x000000b2d8700000] [id=25060]

Threads with active compile tasks:
C2 CompilerThread0 453266 6968       4       java.io.File::listFiles (52 bytes)

VM state:not at safepoint (normal execution)

VM Mutex/Monitor currently owned by a thread: None

Heap address: 0x0000000082400000, size: 2012 MB, Compressed Oops mode: 32-bit
Narrow klass base: 0x0000000000000000, Narrow klass shift: 3
Compressed class space size: 1073741824 Address: 0x0000000100000000

Heap:
 garbage-first heap   total 155648K, used 69423K [0x0000000082400000, 0x0000000100000000)
  region size 1024K, 45 young (46080K), 9 survivors (9216K)
 Metaspace       used 79913K, capacity 81881K, committed 81948K, reserved 1120256K
  class space    used 10233K, capacity 11016K, committed 11080K, reserved 1048576K
Heap Regions: E=young(eden), S=young(survivor), O=old, HS=humongous(starts), HC=humongous(continues), CS=collection set, F=free, A=archive, TAMS=top-at-mark-start (previous, next)
|   0|0x0000000082400000, 0x0000000082500000, 0x0000000082500000|100%|HS|  |TAMS 0x0000000082500000, 0x0000000082400000| Complete 
|   1|0x0000000082500000, 0x0000000082600000, 0x0000000082600000|100%| O|  |TAMS 0x0000000082600000, 0x0000000082500000| Untracked 
|   2|0x0000000082600000, 0x0000000082700000, 0x0000000082700000|100%| O|  |TAMS 0x0000000082700000, 0x0000000082600000| Untracked 
|   3|0x0000000082700000, 0x0000000082800000, 0x0000000082800000|100%| O|  |TAMS 0x0000000082800000, 0x0000000082700000| Untracked 
|   4|0x0000000082800000, 0x0000000082900000, 0x0000000082900000|100%| O|  |TAMS 0x0000000082900000, 0x0000000082800000| Untracked 
|   5|0x0000000082900000, 0x0000000082a00000, 0x0000000082a00000|100%| O|  |TAMS 0x0000000082a00000, 0x0000000082900000| Untracked 
|   6|0x0000000082a00000, 0x0000000082b00000, 0x0000000082b00000|100%| O|  |TAMS 0x0000000082b00000, 0x0000000082a00000| Untracked 
|   7|0x0000000082b00000, 0x0000000082c00000, 0x0000000082c00000|100%| O|  |TAMS 0x0000000082c00000, 0x0000000082b00000| Untracked 
|   8|0x0000000082c00000, 0x0000000082d00000, 0x0000000082d00000|100%| O|  |TAMS 0x0000000082d00000, 0x0000000082c00000| Untracked 
|   9|0x0000000082d00000, 0x0000000082e00000, 0x0000000082e00000|100%| O|  |TAMS 0x0000000082e00000, 0x0000000082d00000| Untracked 
|  10|0x0000000082e00000, 0x0000000082f00000, 0x0000000082f00000|100%| O|  |TAMS 0x0000000082f00000, 0x0000000082e00000| Untracked 
|  11|0x0000000082f00000, 0x0000000083000000, 0x0000000083000000|100%| O|  |TAMS 0x0000000083000000, 0x0000000082f00000| Untracked 
|  12|0x0000000083000000, 0x0000000083100000, 0x0000000083100000|100%| O|  |TAMS 0x0000000083000000, 0x0000000083000000| Untracked 
|  13|0x0000000083100000, 0x0000000083200000, 0x0000000083200000|100%| O|  |TAMS 0x0000000083200000, 0x0000000083100000| Untracked 
|  14|0x0000000083200000, 0x0000000083300000, 0x0000000083300000|100%| O|  |TAMS 0x0000000083300000, 0x0000000083200000| Untracked 
|  15|0x0000000083300000, 0x0000000083400000, 0x0000000083400000|100%| O|  |TAMS 0x0000000083400000, 0x0000000083300000| Untracked 
|  16|0x0000000083400000, 0x0000000083500000, 0x0000000083500000|100%| O|  |TAMS 0x0000000083500000, 0x0000000083400000| Untracked 
|  17|0x0000000083500000, 0x0000000083600000, 0x0000000083600000|100%| O|  |TAMS 0x0000000083600000, 0x0000000083500000| Untracked 
|  18|0x0000000083600000, 0x0000000083700000, 0x0000000083700000|100%| O|  |TAMS 0x0000000083700000, 0x0000000083600000| Untracked 
|  19|0x0000000083700000, 0x0000000083800000, 0x0000000083800000|100%| O|  |TAMS 0x0000000083800000, 0x0000000083700000| Untracked 
|  20|0x0000000083800000, 0x0000000083900000, 0x0000000083900000|100%| O|  |TAMS 0x0000000083872c00, 0x0000000083800000| Untracked 
|  21|0x0000000083900000, 0x0000000083a00000, 0x0000000083a00000|100%| O|  |TAMS 0x0000000083900000, 0x0000000083900000| Untracked 
|  22|0x0000000083a00000, 0x0000000083b00000, 0x0000000083b00000|100%| O|  |TAMS 0x0000000083a00000, 0x0000000083a00000| Untracked 
|  23|0x0000000083b00000, 0x0000000083c00000, 0x0000000083c00000|100%| O|  |TAMS 0x0000000083b00000, 0x0000000083b00000| Untracked 
|  24|0x0000000083c00000, 0x0000000083ca0c00, 0x0000000083d00000| 62%| O|  |TAMS 0x0000000083c00000, 0x0000000083c00000| Untracked 
|  25|0x0000000083d00000, 0x0000000083d00000, 0x0000000083e00000|  0%| F|  |TAMS 0x0000000083d00000, 0x0000000083d00000| Untracked 
|  26|0x0000000083e00000, 0x0000000083e00000, 0x0000000083f00000|  0%| F|  |TAMS 0x0000000083e00000, 0x0000000083e00000| Untracked 
|  27|0x0000000083f00000, 0x0000000083f00000, 0x0000000084000000|  0%| F|  |TAMS 0x0000000083f00000, 0x0000000083f00000| Untracked 
|  28|0x0000000084000000, 0x0000000084000000, 0x0000000084100000|  0%| F|  |TAMS 0x0000000084000000, 0x0000000084000000| Untracked 
|  29|0x0000000084100000, 0x0000000084100000, 0x0000000084200000|  0%| F|  |TAMS 0x0000000084100000, 0x0000000084100000| Untracked 
|  30|0x0000000084200000, 0x0000000084200000, 0x0000000084300000|  0%| F|  |TAMS 0x0000000084200000, 0x0000000084200000| Untracked 
|  31|0x0000000084300000, 0x0000000084300000, 0x0000000084400000|  0%| F|  |TAMS 0x0000000084300000, 0x0000000084300000| Untracked 
|  32|0x0000000084400000, 0x0000000084400000, 0x0000000084500000|  0%| F|  |TAMS 0x0000000084400000, 0x0000000084400000| Untracked 
|  33|0x0000000084500000, 0x0000000084500000, 0x0000000084600000|  0%| F|  |TAMS 0x0000000084500000, 0x0000000084500000| Untracked 
|  34|0x0000000084600000, 0x0000000084600000, 0x0000000084700000|  0%| F|  |TAMS 0x0000000084600000, 0x0000000084600000| Untracked 
|  35|0x0000000084700000, 0x0000000084700000, 0x0000000084800000|  0%| F|  |TAMS 0x0000000084700000, 0x0000000084700000| Untracked 
|  36|0x0000000084800000, 0x0000000084800000, 0x0000000084900000|  0%| F|  |TAMS 0x0000000084800000, 0x0000000084800000| Untracked 
|  37|0x0000000084900000, 0x0000000084900000, 0x0000000084a00000|  0%| F|  |TAMS 0x0000000084900000, 0x0000000084900000| Untracked 
|  38|0x0000000084a00000, 0x0000000084a00000, 0x0000000084b00000|  0%| F|  |TAMS 0x0000000084a00000, 0x0000000084a00000| Untracked 
|  39|0x0000000084b00000, 0x0000000084b00000, 0x0000000084c00000|  0%| F|  |TAMS 0x0000000084b00000, 0x0000000084b00000| Untracked 
|  40|0x0000000084c00000, 0x0000000084c00000, 0x0000000084d00000|  0%| F|  |TAMS 0x0000000084c00000, 0x0000000084c00000| Untracked 
|  41|0x0000000084d00000, 0x0000000084d00000, 0x0000000084e00000|  0%| F|  |TAMS 0x0000000084d00000, 0x0000000084d00000| Untracked 
|  42|0x0000000084e00000, 0x0000000084e00000, 0x0000000084f00000|  0%| F|  |TAMS 0x0000000084e00000, 0x0000000084e00000| Untracked 
|  43|0x0000000084f00000, 0x0000000084f00000, 0x0000000085000000|  0%| F|  |TAMS 0x0000000084f00000, 0x0000000084f00000| Untracked 
|  44|0x0000000085000000, 0x0000000085000000, 0x0000000085100000|  0%| F|  |TAMS 0x0000000085000000, 0x0000000085000000| Untracked 
|  45|0x0000000085100000, 0x0000000085100000, 0x0000000085200000|  0%| F|  |TAMS 0x0000000085100000, 0x0000000085100000| Untracked 
|  46|0x0000000085200000, 0x0000000085200000, 0x0000000085300000|  0%| F|  |TAMS 0x0000000085200000, 0x0000000085200000| Untracked 
|  47|0x0000000085300000, 0x0000000085300000, 0x0000000085400000|  0%| F|  |TAMS 0x0000000085300000, 0x0000000085300000| Untracked 
|  48|0x0000000085400000, 0x0000000085400000, 0x0000000085500000|  0%| F|  |TAMS 0x0000000085400000, 0x0000000085400000| Untracked 
|  49|0x0000000085500000, 0x0000000085500000, 0x0000000085600000|  0%| F|  |TAMS 0x0000000085500000, 0x0000000085500000| Untracked 
|  50|0x0000000085600000, 0x0000000085600000, 0x0000000085700000|  0%| F|  |TAMS 0x0000000085600000, 0x0000000085600000| Untracked 
|  51|0x0000000085700000, 0x0000000085700000, 0x0000000085800000|  0%| F|  |TAMS 0x0000000085700000, 0x0000000085700000| Untracked 
|  52|0x0000000085800000, 0x0000000085800000, 0x0000000085900000|  0%| F|  |TAMS 0x0000000085800000, 0x0000000085800000| Untracked 
|  53|0x0000000085900000, 0x0000000085900000, 0x0000000085a00000|  0%| F|  |TAMS 0x0000000085900000, 0x0000000085900000| Untracked 
|  54|0x0000000085a00000, 0x0000000085a00000, 0x0000000085b00000|  0%| F|  |TAMS 0x0000000085a00000, 0x0000000085a00000| Untracked 
|  55|0x0000000085b00000, 0x0000000085b2b320, 0x0000000085c00000| 16%| S|CS|TAMS 0x0000000085b00000, 0x0000000085b00000| Complete 
|  56|0x0000000085c00000, 0x0000000085d00000, 0x0000000085d00000|100%| S|CS|TAMS 0x0000000085c00000, 0x0000000085c00000| Complete 
|  57|0x0000000085d00000, 0x0000000085e00000, 0x0000000085e00000|100%| S|CS|TAMS 0x0000000085d00000, 0x0000000085d00000| Complete 
|  58|0x0000000085e00000, 0x0000000085f00000, 0x0000000085f00000|100%| S|CS|TAMS 0x0000000085e00000, 0x0000000085e00000| Complete 
|  59|0x0000000085f00000, 0x0000000086000000, 0x0000000086000000|100%| S|CS|TAMS 0x0000000085f00000, 0x0000000085f00000| Complete 
|  60|0x0000000086000000, 0x0000000086100000, 0x0000000086100000|100%| S|CS|TAMS 0x0000000086000000, 0x0000000086000000| Complete 
|  61|0x0000000086100000, 0x0000000086100000, 0x0000000086200000|  0%| F|  |TAMS 0x0000000086100000, 0x0000000086100000| Untracked 
|  62|0x0000000086200000, 0x0000000086200000, 0x0000000086300000|  0%| F|  |TAMS 0x0000000086200000, 0x0000000086200000| Untracked 
|  63|0x0000000086300000, 0x0000000086300000, 0x0000000086400000|  0%| F|  |TAMS 0x0000000086300000, 0x0000000086300000| Untracked 
|  64|0x0000000086400000, 0x0000000086400000, 0x0000000086500000|  0%| F|  |TAMS 0x0000000086400000, 0x0000000086400000| Untracked 
|  65|0x0000000086500000, 0x0000000086500000, 0x0000000086600000|  0%| F|  |TAMS 0x0000000086500000, 0x0000000086500000| Untracked 
|  66|0x0000000086600000, 0x0000000086600000, 0x0000000086700000|  0%| F|  |TAMS 0x0000000086600000, 0x0000000086600000| Untracked 
|  67|0x0000000086700000, 0x0000000086800000, 0x0000000086800000|100%| S|CS|TAMS 0x0000000086700000, 0x0000000086700000| Complete 
|  68|0x0000000086800000, 0x0000000086900000, 0x0000000086900000|100%| S|CS|TAMS 0x0000000086800000, 0x0000000086800000| Complete 
|  69|0x0000000086900000, 0x0000000086a00000, 0x0000000086a00000|100%| S|CS|TAMS 0x0000000086900000, 0x0000000086900000| Complete 
|  70|0x0000000086a00000, 0x0000000086a00000, 0x0000000086b00000|  0%| F|  |TAMS 0x0000000086a00000, 0x0000000086a00000| Untracked 
|  71|0x0000000086b00000, 0x0000000086b00000, 0x0000000086c00000|  0%| F|  |TAMS 0x0000000086b00000, 0x0000000086b00000| Untracked 
|  72|0x0000000086c00000, 0x0000000086c00000, 0x0000000086d00000|  0%| F|  |TAMS 0x0000000086c00000, 0x0000000086c00000| Untracked 
|  73|0x0000000086d00000, 0x0000000086d00000, 0x0000000086e00000|  0%| F|  |TAMS 0x0000000086d00000, 0x0000000086d00000| Untracked 
|  74|0x0000000086e00000, 0x0000000086e00000, 0x0000000086f00000|  0%| F|  |TAMS 0x0000000086e00000, 0x0000000086e00000| Untracked 
|  75|0x0000000086f00000, 0x0000000086f00000, 0x0000000087000000|  0%| F|  |TAMS 0x0000000086f00000, 0x0000000086f00000| Untracked 
|  76|0x0000000087000000, 0x0000000087000000, 0x0000000087100000|  0%| F|  |TAMS 0x0000000087000000, 0x0000000087000000| Untracked 
|  77|0x0000000087100000, 0x0000000087100000, 0x0000000087200000|  0%| F|  |TAMS 0x0000000087100000, 0x0000000087100000| Untracked 
|  78|0x0000000087200000, 0x0000000087200000, 0x0000000087300000|  0%| F|  |TAMS 0x0000000087200000, 0x0000000087200000| Untracked 
|  79|0x0000000087300000, 0x0000000087300000, 0x0000000087400000|  0%| F|  |TAMS 0x0000000087300000, 0x0000000087300000| Untracked 
|  80|0x0000000087400000, 0x0000000087400000, 0x0000000087500000|  0%| F|  |TAMS 0x0000000087400000, 0x0000000087400000| Untracked 
|  81|0x0000000087500000, 0x0000000087500000, 0x0000000087600000|  0%| F|  |TAMS 0x0000000087500000, 0x0000000087500000| Untracked 
|  82|0x0000000087600000, 0x0000000087600000, 0x0000000087700000|  0%| F|  |TAMS 0x0000000087600000, 0x0000000087600000| Untracked 
|  83|0x0000000087700000, 0x0000000087700000, 0x0000000087800000|  0%| F|  |TAMS 0x0000000087700000, 0x0000000087700000| Untracked 
|  84|0x0000000087800000, 0x0000000087800000, 0x0000000087900000|  0%| F|  |TAMS 0x0000000087800000, 0x0000000087800000| Untracked 
|  85|0x0000000087900000, 0x0000000087900000, 0x0000000087a00000|  0%| F|  |TAMS 0x0000000087900000, 0x0000000087900000| Untracked 
|  86|0x0000000087a00000, 0x0000000087a00000, 0x0000000087b00000|  0%| F|  |TAMS 0x0000000087a00000, 0x0000000087a00000| Untracked 
|  87|0x0000000087b00000, 0x0000000087b00000, 0x0000000087c00000|  0%| F|  |TAMS 0x0000000087b00000, 0x0000000087b00000| Untracked 
|  88|0x0000000087c00000, 0x0000000087c00000, 0x0000000087d00000|  0%| F|  |TAMS 0x0000000087c00000, 0x0000000087c00000| Untracked 
|  89|0x0000000087d00000, 0x0000000087d00000, 0x0000000087e00000|  0%| F|  |TAMS 0x0000000087d00000, 0x0000000087d00000| Untracked 
|  90|0x0000000087e00000, 0x0000000087e00000, 0x0000000087f00000|  0%| F|  |TAMS 0x0000000087e00000, 0x0000000087e00000| Untracked 
|  91|0x0000000087f00000, 0x0000000087f00000, 0x0000000088000000|  0%| F|  |TAMS 0x0000000087f00000, 0x0000000087f00000| Untracked 
|  92|0x0000000088000000, 0x0000000088000000, 0x0000000088100000|  0%| F|  |TAMS 0x0000000088000000, 0x0000000088000000| Untracked 
|  93|0x0000000088100000, 0x0000000088100000, 0x0000000088200000|  0%| F|  |TAMS 0x0000000088100000, 0x0000000088100000| Untracked 
|  94|0x0000000088200000, 0x0000000088200000, 0x0000000088300000|  0%| F|  |TAMS 0x0000000088200000, 0x0000000088200000| Untracked 
|  95|0x0000000088300000, 0x0000000088300000, 0x0000000088400000|  0%| F|  |TAMS 0x0000000088300000, 0x0000000088300000| Untracked 
|  96|0x0000000088400000, 0x0000000088400000, 0x0000000088500000|  0%| F|  |TAMS 0x0000000088400000, 0x0000000088400000| Untracked 
|  97|0x0000000088500000, 0x0000000088500000, 0x0000000088600000|  0%| F|  |TAMS 0x0000000088500000, 0x0000000088500000| Untracked 
|  98|0x0000000088600000, 0x0000000088600000, 0x0000000088700000|  0%| F|  |TAMS 0x0000000088600000, 0x0000000088600000| Untracked 
|  99|0x0000000088700000, 0x0000000088700000, 0x0000000088800000|  0%| F|  |TAMS 0x0000000088700000, 0x0000000088700000| Untracked 
| 100|0x0000000088800000, 0x0000000088800000, 0x0000000088900000|  0%| F|  |TAMS 0x0000000088800000, 0x0000000088800000| Untracked 
| 101|0x0000000088900000, 0x0000000088900000, 0x0000000088a00000|  0%| F|  |TAMS 0x0000000088900000, 0x0000000088900000| Untracked 
| 102|0x0000000088a00000, 0x0000000088a00000, 0x0000000088b00000|  0%| F|  |TAMS 0x0000000088a00000, 0x0000000088a00000| Untracked 
| 103|0x0000000088b00000, 0x0000000088b00000, 0x0000000088c00000|  0%| F|  |TAMS 0x0000000088b00000, 0x0000000088b00000| Untracked 
| 104|0x0000000088c00000, 0x0000000088c00000, 0x0000000088d00000|  0%| F|  |TAMS 0x0000000088c00000, 0x0000000088c00000| Untracked 
| 105|0x0000000088d00000, 0x0000000088d00000, 0x0000000088e00000|  0%| F|  |TAMS 0x0000000088d00000, 0x0000000088d00000| Untracked 
| 106|0x0000000088e00000, 0x0000000088e00000, 0x0000000088f00000|  0%| F|  |TAMS 0x0000000088e00000, 0x0000000088e00000| Untracked 
| 107|0x0000000088f00000, 0x0000000088f00000, 0x0000000089000000|  0%| F|  |TAMS 0x0000000088f00000, 0x0000000088f00000| Untracked 
| 108|0x0000000089000000, 0x0000000089000000, 0x0000000089100000|  0%| F|  |TAMS 0x0000000089000000, 0x0000000089000000| Untracked 
| 109|0x0000000089100000, 0x0000000089100000, 0x0000000089200000|  0%| F|  |TAMS 0x0000000089100000, 0x0000000089100000| Untracked 
| 110|0x0000000089200000, 0x0000000089200000, 0x0000000089300000|  0%| F|  |TAMS 0x0000000089200000, 0x0000000089200000| Untracked 
| 111|0x0000000089300000, 0x0000000089300000, 0x0000000089400000|  0%| F|  |TAMS 0x0000000089300000, 0x0000000089300000| Untracked 
| 112|0x0000000089400000, 0x0000000089400000, 0x0000000089500000|  0%| F|  |TAMS 0x0000000089400000, 0x0000000089400000| Untracked 
| 113|0x0000000089500000, 0x0000000089500000, 0x0000000089600000|  0%| F|  |TAMS 0x0000000089500000, 0x0000000089500000| Untracked 
| 114|0x0000000089600000, 0x0000000089600000, 0x0000000089700000|  0%| F|  |TAMS 0x0000000089600000, 0x0000000089600000| Untracked 
| 115|0x0000000089700000, 0x0000000089700000, 0x0000000089800000|  0%| F|  |TAMS 0x0000000089700000, 0x0000000089700000| Untracked 
| 116|0x0000000089800000, 0x00000000898a4590, 0x0000000089900000| 64%| E|  |TAMS 0x0000000089800000, 0x0000000089800000| Complete 
| 117|0x0000000089900000, 0x0000000089a00000, 0x0000000089a00000|100%| E|CS|TAMS 0x0000000089900000, 0x0000000089900000| Complete 
| 118|0x0000000089a00000, 0x0000000089b00000, 0x0000000089b00000|100%| E|CS|TAMS 0x0000000089a00000, 0x0000000089a00000| Complete 
| 119|0x0000000089b00000, 0x0000000089c00000, 0x0000000089c00000|100%| E|CS|TAMS 0x0000000089b00000, 0x0000000089b00000| Complete 
| 120|0x0000000089c00000, 0x0000000089d00000, 0x0000000089d00000|100%| E|CS|TAMS 0x0000000089c00000, 0x0000000089c00000| Complete 
| 121|0x0000000089d00000, 0x0000000089e00000, 0x0000000089e00000|100%| E|CS|TAMS 0x0000000089d00000, 0x0000000089d00000| Complete 
| 122|0x0000000089e00000, 0x0000000089f00000, 0x0000000089f00000|100%| E|CS|TAMS 0x0000000089e00000, 0x0000000089e00000| Complete 
| 123|0x0000000089f00000, 0x000000008a000000, 0x000000008a000000|100%| E|CS|TAMS 0x0000000089f00000, 0x0000000089f00000| Complete 
| 124|0x000000008a000000, 0x000000008a100000, 0x000000008a100000|100%| E|CS|TAMS 0x000000008a000000, 0x000000008a000000| Complete 
| 125|0x000000008a100000, 0x000000008a200000, 0x000000008a200000|100%| E|CS|TAMS 0x000000008a100000, 0x000000008a100000| Complete 
| 126|0x000000008a200000, 0x000000008a300000, 0x000000008a300000|100%| E|CS|TAMS 0x000000008a200000, 0x000000008a200000| Complete 
| 127|0x000000008a300000, 0x000000008a400000, 0x000000008a400000|100%| E|CS|TAMS 0x000000008a300000, 0x000000008a300000| Complete 
| 128|0x000000008a400000, 0x000000008a500000, 0x000000008a500000|100%| E|CS|TAMS 0x000000008a400000, 0x000000008a400000| Complete 
| 129|0x000000008a500000, 0x000000008a600000, 0x000000008a600000|100%| E|CS|TAMS 0x000000008a500000, 0x000000008a500000| Complete 
| 130|0x000000008a600000, 0x000000008a700000, 0x000000008a700000|100%| E|CS|TAMS 0x000000008a600000, 0x000000008a600000| Complete 
| 131|0x000000008a700000, 0x000000008a800000, 0x000000008a800000|100%| E|CS|TAMS 0x000000008a700000, 0x000000008a700000| Complete 
| 132|0x000000008a800000, 0x000000008a900000, 0x000000008a900000|100%| E|CS|TAMS 0x000000008a800000, 0x000000008a800000| Complete 
| 133|0x000000008a900000, 0x000000008aa00000, 0x000000008aa00000|100%| E|CS|TAMS 0x000000008a900000, 0x000000008a900000| Complete 
| 134|0x000000008aa00000, 0x000000008ab00000, 0x000000008ab00000|100%| E|CS|TAMS 0x000000008aa00000, 0x000000008aa00000| Complete 
| 135|0x000000008ab00000, 0x000000008ac00000, 0x000000008ac00000|100%| E|CS|TAMS 0x000000008ab00000, 0x000000008ab00000| Complete 
| 136|0x000000008ac00000, 0x000000008ad00000, 0x000000008ad00000|100%| E|CS|TAMS 0x000000008ac00000, 0x000000008ac00000| Complete 
| 137|0x000000008ad00000, 0x000000008ae00000, 0x000000008ae00000|100%| E|CS|TAMS 0x000000008ad00000, 0x000000008ad00000| Complete 
| 138|0x000000008ae00000, 0x000000008af00000, 0x000000008af00000|100%| E|CS|TAMS 0x000000008ae00000, 0x000000008ae00000| Complete 
| 139|0x000000008af00000, 0x000000008b000000, 0x000000008b000000|100%| E|CS|TAMS 0x000000008af00000, 0x000000008af00000| Complete 
| 140|0x000000008b000000, 0x000000008b100000, 0x000000008b100000|100%| E|CS|TAMS 0x000000008b000000, 0x000000008b000000| Complete 
| 141|0x000000008b100000, 0x000000008b200000, 0x000000008b200000|100%| E|CS|TAMS 0x000000008b100000, 0x000000008b100000| Complete 
| 142|0x000000008b200000, 0x000000008b300000, 0x000000008b300000|100%| E|CS|TAMS 0x000000008b200000, 0x000000008b200000| Complete 
| 143|0x000000008b300000, 0x000000008b400000, 0x000000008b400000|100%| E|CS|TAMS 0x000000008b300000, 0x000000008b300000| Complete 
| 144|0x000000008b400000, 0x000000008b500000, 0x000000008b500000|100%| E|CS|TAMS 0x000000008b400000, 0x000000008b400000| Complete 
| 145|0x000000008b500000, 0x000000008b600000, 0x000000008b600000|100%| E|CS|TAMS 0x000000008b500000, 0x000000008b500000| Complete 
| 146|0x000000008b600000, 0x000000008b700000, 0x000000008b700000|100%| E|CS|TAMS 0x000000008b600000, 0x000000008b600000| Complete 
| 147|0x000000008b700000, 0x000000008b800000, 0x000000008b800000|100%| E|CS|TAMS 0x000000008b700000, 0x000000008b700000| Complete 
| 148|0x000000008b800000, 0x000000008b900000, 0x000000008b900000|100%| E|CS|TAMS 0x000000008b800000, 0x000000008b800000| Complete 
| 149|0x000000008b900000, 0x000000008ba00000, 0x000000008ba00000|100%| E|CS|TAMS 0x000000008b900000, 0x000000008b900000| Complete 
| 150|0x000000008ba00000, 0x000000008bb00000, 0x000000008bb00000|100%| E|CS|TAMS 0x000000008ba00000, 0x000000008ba00000| Complete 
| 151|0x000000008bb00000, 0x000000008bc00000, 0x000000008bc00000|100%| E|CS|TAMS 0x000000008bb00000, 0x000000008bb00000| Complete 

Card table byte_map: [0x000002896b0b0000,0x000002896b4a0000] _byte_map_base: 0x000002896ac9e000

Marking Bits (Prev, Next): (CMBitMap*) 0x00000289532ee388, (CMBitMap*) 0x00000289532ee3c0
 Prev Bits: [0x000002896b890000, 0x000002896d800000)
 Next Bits: [0x000002896d800000, 0x000002896f770000)

Polling page: 0x0000028951140000

Metaspace:

Usage:
  Non-class:     69.20 MB capacity,    68.05 MB ( 98%) used,   931.77 KB (  1%) free+waste,   253.06 KB ( <1%) overhead. 
      Class:     10.76 MB capacity,     9.99 MB ( 93%) used,   665.23 KB (  6%) free+waste,   117.19 KB (  1%) overhead. 
       Both:     79.96 MB capacity,    78.04 MB ( 98%) used,     1.56 MB (  2%) free+waste,   370.25 KB ( <1%) overhead. 

Virtual space:
  Non-class space:       70.00 MB reserved,      69.21 MB ( 99%) committed 
      Class space:        1.00 GB reserved,      10.82 MB (  1%) committed 
             Both:        1.07 GB reserved,      80.03 MB (  7%) committed 

Chunk freelists:
   Non-Class:  3.00 KB
       Class:  0 bytes
        Both:  3.00 KB

MaxMetaspaceSize: 17179869184.00 GB
CompressedClassSpaceSize: 1.00 GB

CodeHeap 'non-profiled nmethods': size=120000Kb used=3142Kb max_used=4154Kb free=116858Kb
 bounds [0x0000028963460000, 0x0000028963870000, 0x000002896a990000]
CodeHeap 'profiled nmethods': size=120000Kb used=11670Kb max_used=14516Kb free=108329Kb
 bounds [0x000002895bf30000, 0x000002895cd60000, 0x0000028963460000]
CodeHeap 'non-nmethods': size=5760Kb used=1259Kb max_used=1338Kb free=4500Kb
 bounds [0x000002895b990000, 0x000002895bc00000, 0x000002895bf30000]
 total_blobs=6402 nmethods=5754 adapters=559
 compilation: enabled
              stopped_count=0, restarted_count=0
 full_count=0

Compilation events (20 events):
Event: 424.074 Thread 0x0000028972b45800 6959       3       com.sun.crypto.provider.AESCipher::checkKeySize (79 bytes)
Event: 424.075 Thread 0x00000289721f6800 nmethod 6950 0x00000289634ce390 code [0x00000289634ce580, 0x00000289634ce9d8]
Event: 424.075 Thread 0x00000289721f6800 6962       4       org.springframework.core.annotation.AnnotationsScanner::process (43 bytes)
Event: 424.077 Thread 0x0000028972b45800 nmethod 6959 0x000002895bfc2710 code [0x000002895bfc29e0, 0x000002895bfc3618]
Event: 424.078 Thread 0x0000028972b45800 6955       1       org.springframework.orm.jpa.EntityManagerFactoryAccessor::getEntityManagerFactory (5 bytes)
Event: 424.080 Thread 0x0000028972b45800 nmethod 6955 0x00000289634be910 code [0x00000289634beac0, 0x00000289634beb78]
Event: 424.080 Thread 0x0000028972b45800 6960       1       org.hibernate.engine.jdbc.internal.StatementPreparerImpl::access$000 (5 bytes)
Event: 424.080 Thread 0x0000028972b45800 nmethod 6960 0x00000289634be610 code [0x00000289634be7c0, 0x00000289634be858]
Event: 424.080 Thread 0x0000028972b45800 6961       1       sun.util.calendar.CalendarDate::setNormalized (6 bytes)
Event: 424.080 Thread 0x0000028972b45800 nmethod 6961 0x00000289634c3690 code [0x00000289634c3840, 0x00000289634c38f8]
Event: 424.081 Thread 0x0000028972b45800 6963       1       com.fasterxml.jackson.databind.cfg.MapperConfigBase::getActiveView (5 bytes)
Event: 424.081 Thread 0x0000028972b45800 nmethod 6963 0x00000289634c3390 code [0x00000289634c3540, 0x00000289634c35f8]
Event: 424.081 Thread 0x0000028972b45800 6964       1       com.fasterxml.jackson.databind.cfg.MapperConfigBase::getAttributes (5 bytes)
Event: 424.083 Thread 0x0000028972b45800 nmethod 6964 0x00000289634c7190 code [0x00000289634c7340, 0x00000289634c73f8]
Event: 424.083 Thread 0x0000028972b45800 6965       1       org.apache.tomcat.util.net.NioEndpoint::access$000 (5 bytes)
Event: 424.083 Thread 0x0000028972b45800 nmethod 6965 0x00000289634c6e90 code [0x00000289634c7040, 0x00000289634c70d8]
Event: 424.771 Thread 0x00000289721f6800 nmethod 6962 0x00000289636d0790 code [0x00000289636d0fe0, 0x00000289636d8980]
Event: 448.337 Thread 0x0000028972b45800 6967   !   3       org.apache.catalina.core.ContainerBase::findChildren (42 bytes)
Event: 448.559 Thread 0x0000028972b45800 nmethod 6967 0x000002895bfbfe10 code [0x000002895bfc0000, 0x000002895bfc0658]
Event: 453.197 Thread 0x00000289721f6800 6968       4       java.io.File::listFiles (52 bytes)

GC Heap History (20 events):
Event: 1.665 GC heap before
{Heap before GC invocations=1 (full 0):
 garbage-first heap   total 129024K, used 52013K [0x0000000082400000, 0x0000000100000000)
  region size 1024K, 47 young (48128K), 3 survivors (3072K)
 Metaspace       used 11882K, capacity 12052K, committed 12288K, reserved 1060864K
  class space    used 1140K, capacity 1187K, committed 1280K, reserved 1048576K
}
Event: 1.669 GC heap after
{Heap after GC invocations=2 (full 0):
 garbage-first heap   total 129024K, used 8354K [0x0000000082400000, 0x0000000100000000)
  region size 1024K, 4 young (4096K), 4 survivors (4096K)
 Metaspace       used 11882K, capacity 12052K, committed 12288K, reserved 1060864K
  class space    used 1140K, capacity 1187K, committed 1280K, reserved 1048576K
}
Event: 2.814 GC heap before
{Heap before GC invocations=2 (full 0):
 garbage-first heap   total 129024K, used 57506K [0x0000000082400000, 0x0000000100000000)
  region size 1024K, 54 young (55296K), 4 survivors (4096K)
 Metaspace       used 20775K, capacity 21222K, committed 21248K, reserved 1069056K
  class space    used 2336K, capacity 2551K, committed 2560K, reserved 1048576K
}
Event: 2.834 GC heap after
{Heap after GC invocations=3 (full 0):
 garbage-first heap   total 129024K, used 10466K [0x0000000082400000, 0x0000000100000000)
  region size 1024K, 6 young (6144K), 6 survivors (6144K)
 Metaspace       used 20775K, capacity 21222K, committed 21248K, reserved 1069056K
  class space    used 2336K, capacity 2551K, committed 2560K, reserved 1048576K
}
Event: 3.331 GC heap before
{Heap before GC invocations=4 (full 0):
 garbage-first heap   total 129024K, used 80098K [0x0000000082400000, 0x0000000100000000)
  region size 1024K, 75 young (76800K), 6 survivors (6144K)
 Metaspace       used 25682K, capacity 26266K, committed 26364K, reserved 1073152K
  class space    used 2979K, capacity 3229K, committed 3324K, reserved 1048576K
}
Event: 3.343 GC heap after
{Heap after GC invocations=5 (full 0):
 garbage-first heap   total 129024K, used 12212K [0x0000000082400000, 0x0000000100000000)
  region size 1024K, 5 young (5120K), 5 survivors (5120K)
 Metaspace       used 25682K, capacity 26266K, committed 26364K, reserved 1073152K
  class space    used 2979K, capacity 3229K, committed 3324K, reserved 1048576K
}
Event: 4.949 GC heap before
{Heap before GC invocations=6 (full 0):
 garbage-first heap   total 129024K, used 82868K [0x0000000082400000, 0x0000000100000000)
  region size 1024K, 75 young (76800K), 5 survivors (5120K)
 Metaspace       used 32950K, capacity 33814K, committed 34172K, reserved 1079296K
  class space    used 3976K, capacity 4338K, committed 4476K, reserved 1048576K
}
Event: 4.955 GC heap after
{Heap after GC invocations=7 (full 0):
 garbage-first heap   total 129024K, used 14292K [0x0000000082400000, 0x0000000100000000)
  region size 1024K, 7 young (7168K), 7 survivors (7168K)
 Metaspace       used 32950K, capacity 33814K, committed 34172K, reserved 1079296K
  class space    used 3976K, capacity 4338K, committed 4476K, reserved 1048576K
}
Event: 6.747 GC heap before
{Heap before GC invocations=7 (full 0):
 garbage-first heap   total 129024K, used 82900K [0x0000000082400000, 0x0000000100000000)
  region size 1024K, 75 young (76800K), 7 survivors (7168K)
 Metaspace       used 41160K, capacity 42324K, committed 42492K, reserved 1085440K
  class space    used 5017K, capacity 5475K, committed 5628K, reserved 1048576K
}
Event: 6.760 GC heap after
{Heap after GC invocations=8 (full 0):
 garbage-first heap   total 129024K, used 21882K [0x0000000082400000, 0x0000000100000000)
  region size 1024K, 10 young (10240K), 10 survivors (10240K)
 Metaspace       used 41160K, capacity 42324K, committed 42492K, reserved 1085440K
  class space    used 5017K, capacity 5475K, committed 5628K, reserved 1048576K
}
Event: 6.949 GC heap before
{Heap before GC invocations=8 (full 0):
 garbage-first heap   total 129024K, used 88442K [0x0000000082400000, 0x0000000100000000)
  region size 1024K, 75 young (76800K), 10 survivors (10240K)
 Metaspace       used 41756K, capacity 42892K, committed 43260K, reserved 1087488K
  class space    used 5072K, capacity 5515K, committed 5628K, reserved 1048576K
}
Event: 6.958 GC heap after
{Heap after GC invocations=9 (full 0):
 garbage-first heap   total 155648K, used 21715K [0x0000000082400000, 0x0000000100000000)
  region size 1024K, 2 young (2048K), 2 survivors (2048K)
 Metaspace       used 41756K, capacity 42892K, committed 43260K, reserved 1087488K
  class space    used 5072K, capacity 5515K, committed 5628K, reserved 1048576K
}
Event: 7.229 GC heap before
{Heap before GC invocations=9 (full 0):
 garbage-first heap   total 155648K, used 62675K [0x0000000082400000, 0x0000000100000000)
  region size 1024K, 44 young (45056K), 2 survivors (2048K)
 Metaspace       used 43028K, capacity 44275K, committed 44368K, reserved 1087488K
  class space    used 5217K, capacity 5722K, committed 5756K, reserved 1048576K
}
Event: 7.233 GC heap after
{Heap after GC invocations=10 (full 0):
 garbage-first heap   total 155648K, used 21248K [0x0000000082400000, 0x0000000100000000)
  region size 1024K, 2 young (2048K), 2 survivors (2048K)
 Metaspace       used 43028K, capacity 44275K, committed 44368K, reserved 1087488K
  class space    used 5217K, capacity 5722K, committed 5756K, reserved 1048576K
}
Event: 9.004 GC heap before
{Heap before GC invocations=11 (full 0):
 garbage-first heap   total 155648K, used 112384K [0x0000000082400000, 0x0000000100000000)
  region size 1024K, 91 young (93184K), 2 survivors (2048K)
 Metaspace       used 56014K, capacity 57345K, committed 57500K, reserved 1099776K
  class space    used 7038K, capacity 7576K, committed 7624K, reserved 1048576K
}
Event: 9.013 GC heap after
{Heap after GC invocations=12 (full 0):
 garbage-first heap   total 155648K, used 25355K [0x0000000082400000, 0x0000000100000000)
  region size 1024K, 6 young (6144K), 6 survivors (6144K)
 Metaspace       used 56014K, capacity 57345K, committed 57500K, reserved 1099776K
  class space    used 7038K, capacity 7576K, committed 7624K, reserved 1048576K
}
Event: 10.747 GC heap before
{Heap before GC invocations=13 (full 0):
 garbage-first heap   total 155648K, used 112395K [0x0000000082400000, 0x0000000100000000)
  region size 1024K, 91 young (93184K), 6 survivors (6144K)
 Metaspace       used 67164K, capacity 68757K, committed 68892K, reserved 1110016K
  class space    used 8627K, capacity 9265K, committed 9288K, reserved 1048576K
}
Event: 10.754 GC heap after
{Heap after GC invocations=14 (full 0):
 garbage-first heap   total 155648K, used 28759K [0x0000000082400000, 0x0000000100000000)
  region size 1024K, 9 young (9216K), 9 survivors (9216K)
 Metaspace       used 67164K, capacity 68757K, committed 68892K, reserved 1110016K
  class space    used 8627K, capacity 9265K, committed 9288K, reserved 1048576K
}
Event: 48.821 GC heap before
{Heap before GC invocations=14 (full 0):
 garbage-first heap   total 155648K, used 111703K [0x0000000082400000, 0x0000000100000000)
  region size 1024K, 91 young (93184K), 9 survivors (9216K)
 Metaspace       used 77094K, capacity 78990K, committed 79260K, reserved 1118208K
  class space    used 9909K, capacity 10674K, committed 10696K, reserved 1048576K
}
Event: 48.831 GC heap after
{Heap after GC invocations=15 (full 0):
 garbage-first heap   total 155648K, used 33583K [0x0000000082400000, 0x0000000100000000)
  region size 1024K, 9 young (9216K), 9 survivors (9216K)
 Metaspace       used 77094K, capacity 78990K, committed 79260K, reserved 1118208K
  class space    used 9909K, capacity 10674K, committed 10696K, reserved 1048576K
}

Deoptimization events (20 events):
Event: 49.064 Thread 0x0000028978ec6800 Uncommon trap: trap_request=0xffffff4d fr.pc=0x00000289635caeb0 relative=0x00000000000000f0
Event: 49.064 Thread 0x0000028978ec6800 Uncommon trap: reason=unstable_if action=reinterpret pc=0x00000289635caeb0 method=java.util.concurrent.ConcurrentMap.computeIfAbsent(Ljava/lang/Object;Ljava/util/function/Function;)Ljava/lang/Object; @ 41 c2
Event: 49.064 Thread 0x0000028978ec6800 DEOPT PACKING pc=0x00000289635caeb0 sp=0x000000b2daafb6e0
Event: 49.064 Thread 0x0000028978ec6800 DEOPT UNPACKING pc=0x000002895b9b74af sp=0x000000b2daafb668 mode 2
Event: 49.064 Thread 0x0000028978ec6800 Uncommon trap: trap_request=0xffffff4d fr.pc=0x0000028963696070 relative=0x0000000000004590
Event: 49.064 Thread 0x0000028978ec6800 Uncommon trap: reason=unstable_if action=reinterpret pc=0x0000028963696070 method=org.springframework.util.ConcurrentReferenceHashMap$Segment.doTask(ILjava/lang/Object;Lorg/springframework/util/ConcurrentReferenceHashMap$Task;)Ljava/lang/Object; @ 89 c2
Event: 49.064 Thread 0x0000028978ec6800 DEOPT PACKING pc=0x0000028963696070 sp=0x000000b2daafb4e0
Event: 49.064 Thread 0x0000028978ec6800 DEOPT UNPACKING pc=0x000002895b9b74af sp=0x000000b2daafb340 mode 2
Event: 49.064 Thread 0x0000028978ec6800 Uncommon trap: trap_request=0xffffff4d fr.pc=0x00000289635caeb0 relative=0x00000000000000f0
Event: 49.064 Thread 0x0000028978ec6800 Uncommon trap: reason=unstable_if action=reinterpret pc=0x00000289635caeb0 method=java.util.concurrent.ConcurrentMap.computeIfAbsent(Ljava/lang/Object;Ljava/util/function/Function;)Ljava/lang/Object; @ 41 c2
Event: 49.064 Thread 0x0000028978ec6800 DEOPT PACKING pc=0x00000289635caeb0 sp=0x000000b2daafbb60
Event: 49.064 Thread 0x0000028978ec6800 DEOPT UNPACKING pc=0x000002895b9b74af sp=0x000000b2daafbae8 mode 2
Event: 49.412 Thread 0x0000028978ec9000 Uncommon trap: trap_request=0xffffff4d fr.pc=0x0000028963510ed0 relative=0x0000000000000170
Event: 49.412 Thread 0x0000028978ec9000 Uncommon trap: reason=unstable_if action=reinterpret pc=0x0000028963510ed0 method=java.util.concurrent.ConcurrentHashMap.addCount(JI)V @ 34 c2
Event: 49.412 Thread 0x0000028978ec9000 DEOPT PACKING pc=0x0000028963510ed0 sp=0x000000b2dadfee00
Event: 49.412 Thread 0x0000028978ec9000 DEOPT UNPACKING pc=0x000002895b9b74af sp=0x000000b2dadfed40 mode 2
Event: 64.906 Thread 0x0000028975cd7000 DEOPT PACKING pc=0x000002895c91e367 sp=0x000000b2daffcf50
Event: 64.906 Thread 0x0000028975cd7000 DEOPT UNPACKING pc=0x000002895b9b72ce sp=0x000000b2daffc3f8 mode 0
Event: 423.392 Thread 0x0000028975cd5800 DEOPT PACKING pc=0x000002895bf63571 sp=0x000000b2db1fb850
Event: 423.394 Thread 0x0000028975cd5800 DEOPT UNPACKING pc=0x000002895b9b72ce sp=0x000000b2db1fad40 mode 0

Classes redefined (0 events):
No events

Internal exceptions (20 events):
Event: 10.992 Thread 0x0000028973be0800 Exception <a 'java/lang/ClassNotFoundException'{0x000000008aef0960}: java/lang/ObjectCustomizer> (0x000000008aef0960) thrown at [./src/hotspot/share/classfile/systemDictionary.cpp, line 231]
Event: 10.993 Thread 0x0000028973be0800 Exception <a 'java/lang/ClassNotFoundException'{0x000000008ad0aa70}: org/springframework/security/config/annotation/web/configuration/WebSecurityConfigurationCustomizer> (0x000000008ad0aa70) thrown at [./src/hotspot/share/classfile/systemDictionary.cpp, line 231]
Event: 10.994 Thread 0x0000028973be0800 Exception <a 'java/lang/ClassNotFoundException'{0x000000008ad25e40}: org/springframework/context/annotation/ImportAwareCustomizer> (0x000000008ad25e40) thrown at [./src/hotspot/share/classfile/systemDictionary.cpp, line 231]
Event: 10.994 Thread 0x0000028973be0800 Exception <a 'java/lang/ClassNotFoundException'{0x000000008ad35678}: org/springframework/beans/factory/AwareCustomizer> (0x000000008ad35678) thrown at [./src/hotspot/share/classfile/systemDictionary.cpp, line 231]
Event: 10.995 Thread 0x0000028973be0800 Exception <a 'java/lang/ClassNotFoundException'{0x000000008ad46578}: org/springframework/beans/factory/BeanClassLoaderAwareCustomizer> (0x000000008ad46578) thrown at [./src/hotspot/share/classfile/systemDictionary.cpp, line 231]
Event: 10.995 Thread 0x0000028973be0800 Exception <a 'java/lang/ClassNotFoundException'{0x000000008ad55dc0}: org/springframework/beans/factory/AwareCustomizer> (0x000000008ad55dc0) thrown at [./src/hotspot/share/classfile/systemDictionary.cpp, line 231]
Event: 11.075 Thread 0x0000028973be0800 Implicit null exception at 0x0000028963597fdd to 0x0000028963598096
Event: 11.077 Thread 0x0000028973be0800 Implicit null exception at 0x0000028963782173 to 0x00000289637823f0
Event: 11.408 Thread 0x0000028973be0800 Exception <a 'java/lang/IncompatibleClassChangeError'{0x00000000897321c0}: Found class java.lang.Object, but interface was expected> (0x00000000897321c0) thrown at [./src/hotspot/share/interpreter/linkResolver.cpp, line 839]
Event: 11.459 Thread 0x0000028973be0800 Exception <a 'java/lang/ClassNotFoundException'{0x00000000895fcd80}: java/lang/ObjectCustomizer> (0x00000000895fcd80) thrown at [./src/hotspot/share/classfile/systemDictionary.cpp, line 231]
Event: 11.460 Thread 0x0000028973be0800 Exception <a 'java/lang/ClassNotFoundException'{0x0000000089416df0}: org/springframework/security/config/annotation/web/configuration/HttpSecurityConfigurationCustomizer> (0x0000000089416df0) thrown at [./src/hotspot/share/classfile/systemDictionary.cpp, line 231]
Event: 11.490 Thread 0x0000028973be0800 Exception <a 'java/lang/NoSuchMethodError'{0x000000008936e578}: 'java.lang.Object java.lang.invoke.DirectMethodHandle$Holder.invokeInterface(java.lang.Object, java.lang.Object, java.lang.Object, java.lang.Object)'> (0x000000008936e578) thrown at [./src/hotspot/share/interpreter/linkResolver.cpp, line 773]
Event: 11.850 Thread 0x0000028973be0800 Exception <a 'java/lang/NoSuchMethodError'{0x00000000883f9460}: 'java.lang.Object java.lang.invoke.DirectMethodHandle$Holder.invokeSpecial(java.lang.Object, java.lang.Object, int, java.lang.Object, int, java.lang.Object)'> (0x00000000883f9460) thrown at [./src/hotspot/share/interpreter/linkResolver.cpp, line 773]
Event: 11.850 Thread 0x0000028973be0800 Exception <a 'java/lang/NoSuchMethodError'{0x0000000088201348}: 'java.lang.Object java.lang.invoke.DirectMethodHandle$Holder.invokeStatic(java.lang.Object, java.lang.Object, int, java.lang.Object, int)'> (0x0000000088201348) thrown at [./src/hotspot/share/interpreter/linkResolver.cpp, line 773]
Event: 11.851 Thread 0x0000028973be0800 Exception <a 'java/lang/NoSuchMethodError'{0x0000000088204b28}: 'java.lang.Object java.lang.invoke.DirectMethodHandle$Holder.invokeSpecial(java.lang.Object, java.lang.Object, java.lang.Object, int, java.lang.Object, int)'> (0x0000000088204b28) thrown at [./src/hotspot/share/interpreter/linkResolver.cpp, line 773]
Event: 11.852 Thread 0x0000028973be0800 Exception <a 'java/lang/NoSuchMethodError'{0x0000000088214e60}: 'void java.lang.invoke.DirectMethodHandle$Holder.invokeVirtual(java.lang.Object, java.lang.Object)'> (0x0000000088214e60) thrown at [./src/hotspot/share/interpreter/linkResolver.cpp, line 773]
Event: 48.638 Thread 0x0000028978ec5000 Exception <a 'java/lang/NoSuchMethodError'{0x0000000087492d00}: 'void java.lang.invoke.DirectMethodHandle$Holder.invokeSpecial(java.lang.Object, java.lang.Object, java.lang.Object, java.lang.Object, java.lang.Object, java.lang.Object, java.lang.Object)'> (0x0000000087492d00) thrown at [./src/hotspot/share/interpreter/linkResolver.cpp, line 773]
Event: 48.930 Thread 0x0000028978ec5000 Exception <a 'java/lang/NoSuchMethodError'{0x000000008b6628a8}: 'java.lang.Object java.lang.invoke.DirectMethodHandle$Holder.invokeStaticInit(java.lang.Object, java.lang.Object, java.lang.Object, java.lang.Object, java.lang.Object, java.lang.Object)'> (0x000000008b6628a8) thrown at [./src/hotspot/share/interpreter/linkResolver.cpp, line 773]
Event: 58.232 Thread 0x0000028978ec6800 Exception <a 'java/lang/ClassNotFoundException'{0x000000008acd5c10}: java/lang/ObjectCustomizer> (0x000000008acd5c10) thrown at [./src/hotspot/share/classfile/systemDictionary.cpp, line 231]
Event: 58.234 Thread 0x0000028978ec6800 Exception <a 'java/lang/ClassNotFoundException'{0x000000008aced508}: com/BackConnected/model/NotificationCustomizer> (0x000000008aced508) thrown at [./src/hotspot/share/classfile/systemDictionary.cpp, line 231]

Events (20 events):
Event: 448.683 Thread 0x0000028972b47800 flushing nmethod 0x000002895c28bb90
Event: 448.688 Thread 0x0000028972b47800 flushing nmethod 0x000002895c3b0810
Event: 448.691 Thread 0x0000028972b47800 flushing nmethod 0x000002895c401010
Event: 448.720 Thread 0x0000028972b47800 flushing nmethod 0x000002895c55bf90
Event: 448.722 Thread 0x0000028972b47800 flushing nmethod 0x000002895c590e90
Event: 448.768 Thread 0x0000028972b47800 flushing nmethod 0x000002895c7d7210
Event: 448.775 Thread 0x0000028972b47800 flushing nmethod 0x000002895c84ff10
Event: 448.784 Thread 0x0000028972b47800 flushing nmethod 0x000002895c90ff90
Event: 448.794 Thread 0x0000028972b47800 flushing nmethod 0x000002895c964290
Event: 448.795 Thread 0x0000028972b47800 flushing nmethod 0x000002895c972610
Event: 448.812 Thread 0x0000028972b47800 flushing nmethod 0x000002895ca74010
Event: 448.813 Thread 0x0000028972b47800 flushing nmethod 0x000002895cae2990
Event: 448.814 Thread 0x0000028972b47800 flushing nmethod 0x000002895cb6f890
Event: 448.818 Thread 0x0000028972b47800 flushing nmethod 0x000002895cb81990
Event: 448.824 Thread 0x0000028972b47800 flushing nmethod 0x000002895cc37b10
Event: 448.824 Thread 0x0000028972b47800 flushing nmethod 0x000002895cc44490
Event: 448.825 Thread 0x0000028972b47800 flushing nmethod 0x000002895cc57b10
Event: 448.827 Thread 0x0000028972b47800 flushing nmethod 0x000002895cc5c090
Event: 448.829 Thread 0x0000028972b47800 flushing nmethod 0x000002895cc84390
Event: 448.830 Thread 0x0000028972b47800 flushing nmethod 0x000002895cca4690


Dynamic libraries:
0x00007ff765490000 - 0x00007ff76549d000 	C:\Users\roxan\.jdks\corretto-11.0.9.1\bin\java.exe
0x00007ffa9d1b0000 - 0x00007ffa9d3a5000 	C:\WINDOWS\SYSTEM32\ntdll.dll
0x00007ffa9ced0000 - 0x00007ffa9cf8d000 	C:\WINDOWS\System32\KERNEL32.DLL
0x00007ffa9ad40000 - 0x00007ffa9b008000 	C:\WINDOWS\System32\KERNELBASE.dll
0x00007ffa9aab0000 - 0x00007ffa9abb0000 	C:\WINDOWS\System32\ucrtbase.dll
0x00007ffa92f40000 - 0x00007ffa92f55000 	C:\Users\roxan\.jdks\corretto-11.0.9.1\bin\VCRUNTIME140.dll
0x00007ffa92f80000 - 0x00007ffa92f97000 	C:\Users\roxan\.jdks\corretto-11.0.9.1\bin\jli.dll
0x00007ffa9ccd0000 - 0x00007ffa9ce70000 	C:\WINDOWS\System32\USER32.dll
0x00007ffa9abb0000 - 0x00007ffa9abd2000 	C:\WINDOWS\System32\win32u.dll
0x00007ffa9ca60000 - 0x00007ffa9ca8a000 	C:\WINDOWS\System32\GDI32.dll
0x00007ffa9a950000 - 0x00007ffa9aa5b000 	C:\WINDOWS\System32\gdi32full.dll
0x00007ffa9b0d0000 - 0x00007ffa9b16d000 	C:\WINDOWS\System32\msvcp_win.dll
0x00007ffa82270000 - 0x00007ffa8250a000 	C:\WINDOWS\WinSxS\amd64_microsoft.windows.common-controls_6595b64144ccf1df_6.0.19041.1052_none_60b8f8fd71f5e8cb\COMCTL32.dll
0x00007ffa9c910000 - 0x00007ffa9c9ae000 	C:\WINDOWS\System32\msvcrt.dll
0x00007ffa9cbc0000 - 0x00007ffa9cbf0000 	C:\WINDOWS\System32\IMM32.DLL
0x00007ffa8a4b0000 - 0x00007ffa8a54b000 	C:\Users\roxan\.jdks\corretto-11.0.9.1\bin\msvcp140.dll
0x00007ffa51c00000 - 0x00007ffa52744000 	C:\Users\roxan\.jdks\corretto-11.0.9.1\bin\server\jvm.dll
0x00007ffa9c9b0000 - 0x00007ffa9ca5c000 	C:\WINDOWS\System32\ADVAPI32.dll
0x00007ffa9bc50000 - 0x00007ffa9bceb000 	C:\WINDOWS\System32\sechost.dll
0x00007ffa9ca90000 - 0x00007ffa9cbbb000 	C:\WINDOWS\System32\RPCRT4.dll
0x00007ffa9d040000 - 0x00007ffa9d048000 	C:\WINDOWS\System32\PSAPI.DLL
0x00007ffa8a400000 - 0x00007ffa8a409000 	C:\WINDOWS\SYSTEM32\WSOCK32.dll
0x00007ffa9d050000 - 0x00007ffa9d0bb000 	C:\WINDOWS\System32\WS2_32.dll
0x00007ffa84b60000 - 0x00007ffa84b87000 	C:\WINDOWS\SYSTEM32\WINMM.dll
0x00007ffa90d70000 - 0x00007ffa90d7a000 	C:\WINDOWS\SYSTEM32\VERSION.dll
0x00007ffa99210000 - 0x00007ffa99222000 	C:\WINDOWS\SYSTEM32\kernel.appcore.dll
0x00007ffa92fc0000 - 0x00007ffa92fd0000 	C:\Users\roxan\.jdks\corretto-11.0.9.1\bin\verify.dll
0x00007ffa956f0000 - 0x00007ffa958d4000 	C:\WINDOWS\SYSTEM32\DBGHELP.DLL
0x00007ffa842b0000 - 0x00007ffa842dc000 	C:\WINDOWS\SYSTEM32\dbgcore.DLL
0x00007ffa9b010000 - 0x00007ffa9b093000 	C:\WINDOWS\System32\bcryptPrimitives.dll
0x00007ffa90840000 - 0x00007ffa90868000 	C:\Users\roxan\.jdks\corretto-11.0.9.1\bin\java.dll
0x00007ffa92f70000 - 0x00007ffa92f7a000 	C:\Users\roxan\.jdks\corretto-11.0.9.1\bin\jimage.dll
0x00007ffa90a60000 - 0x00007ffa90a6e000 	C:\Users\roxan\.jdks\corretto-11.0.9.1\bin\instrument.dll
0x00007ffa90820000 - 0x00007ffa90837000 	C:\Users\roxan\.jdks\corretto-11.0.9.1\bin\zip.dll
0x00007ffa9c1d0000 - 0x00007ffa9c90f000 	C:\WINDOWS\System32\SHELL32.dll
0x00007ffa958e0000 - 0x00007ffa96070000 	C:\WINDOWS\SYSTEM32\windows.storage.dll
0x00007ffa9b3c0000 - 0x00007ffa9b715000 	C:\WINDOWS\System32\combase.dll
0x00007ffa9a2f0000 - 0x00007ffa9a31c000 	C:\WINDOWS\SYSTEM32\Wldp.dll
0x00007ffa9cf90000 - 0x00007ffa9d03e000 	C:\WINDOWS\System32\SHCORE.dll
0x00007ffa9bbf0000 - 0x00007ffa9bc45000 	C:\WINDOWS\System32\shlwapi.dll
0x00007ffa9a830000 - 0x00007ffa9a84f000 	C:\WINDOWS\SYSTEM32\profapi.dll
0x00007ffa90310000 - 0x00007ffa90329000 	C:\Users\roxan\.jdks\corretto-11.0.9.1\bin\net.dll
0x00007ffa8f5e0000 - 0x00007ffa8f6eb000 	C:\WINDOWS\SYSTEM32\WINHTTP.dll
0x00007ffa9a000000 - 0x00007ffa9a06a000 	C:\WINDOWS\system32\mswsock.dll
0x00007ffa8fe10000 - 0x00007ffa8fe22000 	C:\Users\roxan\.jdks\corretto-11.0.9.1\bin\nio.dll
0x00007ffa8a6e0000 - 0x00007ffa8a6fa000 	C:\Program Files\JetBrains\IntelliJ IDEA Community Edition 2020.3\bin\breakgen64.dll
0x00007ffa8f900000 - 0x00007ffa8f909000 	C:\Users\roxan\.jdks\corretto-11.0.9.1\bin\management.dll
0x00007ffa8f2c0000 - 0x00007ffa8f2cb000 	C:\Users\roxan\.jdks\corretto-11.0.9.1\bin\management_ext.dll
0x00007ffa7a650000 - 0x00007ffa7a667000 	C:\WINDOWS\system32\napinsp.dll
0x00007ffa773c0000 - 0x00007ffa773db000 	C:\WINDOWS\system32\pnrpnsp.dll
0x00007ffa92370000 - 0x00007ffa92385000 	C:\WINDOWS\system32\wshbth.dll
0x00007ffa92be0000 - 0x00007ffa92bfd000 	C:\WINDOWS\system32\NLAapi.dll
0x00007ffa99cf0000 - 0x00007ffa99d2b000 	C:\WINDOWS\SYSTEM32\IPHLPAPI.DLL
0x00007ffa99d30000 - 0x00007ffa99dfc000 	C:\WINDOWS\SYSTEM32\DNSAPI.dll
0x00007ffa9cbf0000 - 0x00007ffa9cbf8000 	C:\WINDOWS\System32\NSI.dll
0x00007ffa773a0000 - 0x00007ffa773b2000 	C:\WINDOWS\System32\winrnr.dll
0x00007ffa87500000 - 0x00007ffa8750a000 	C:\Windows\System32\rasadhlp.dll
0x00007ffa8a9d0000 - 0x00007ffa8aa4f000 	C:\WINDOWS\System32\fwpuclnt.dll
0x00007ffa9b0a0000 - 0x00007ffa9b0c7000 	C:\WINDOWS\System32\bcrypt.dll
0x00007ffa9a1d0000 - 0x00007ffa9a1e8000 	C:\WINDOWS\SYSTEM32\CRYPTSP.dll
0x00007ffa999a0000 - 0x00007ffa999d4000 	C:\WINDOWS\system32\rsaenh.dll
0x00007ffa9a7f0000 - 0x00007ffa9a81e000 	C:\WINDOWS\SYSTEM32\USERENV.dll
0x00007ffa9a1f0000 - 0x00007ffa9a1fc000 	C:\WINDOWS\SYSTEM32\CRYPTBASE.dll
0x00007ffa8d530000 - 0x00007ffa8d547000 	C:\WINDOWS\SYSTEM32\dhcpcsvc6.DLL
0x00007ffa8e4e0000 - 0x00007ffa8e4fd000 	C:\WINDOWS\SYSTEM32\dhcpcsvc.DLL
0x00007ffa818a0000 - 0x00007ffa818c5000 	C:\Users\roxan\.jdks\corretto-11.0.9.1\bin\sunec.dll
0x00007ffa8f260000 - 0x00007ffa8f26e000 	C:\Users\roxan\.jdks\corretto-11.0.9.1\bin\sunmscapi.dll
0x00007ffa9abe0000 - 0x00007ffa9ad3f000 	C:\WINDOWS\System32\CRYPT32.dll
0x00007ffa9a360000 - 0x00007ffa9a387000 	C:\WINDOWS\SYSTEM32\ncrypt.dll
0x00007ffa9a320000 - 0x00007ffa9a35b000 	C:\WINDOWS\SYSTEM32\NTASN1.dll

dbghelp: loaded successfully - version: 4.0.5 - missing functions: none
symbol engine: initialized successfully - sym options: 0x614 - pdb path: .;C:\Users\roxan\.jdks\corretto-11.0.9.1\bin;C:\WINDOWS\SYSTEM32;C:\WINDOWS\WinSxS\amd64_microsoft.windows.common-controls_6595b64144ccf1df_6.0.19041.1052_none_60b8f8fd71f5e8cb;C:\Users\roxan\.jdks\corretto-11.0.9.1\bin\server;C:\Program Files\JetBrains\IntelliJ IDEA Community Edition 2020.3\bin

VM Arguments:
jvm_args: -javaagent:C:\Program Files\JetBrains\IntelliJ IDEA Community Edition 2020.3\lib\idea_rt.jar=65134:C:\Program Files\JetBrains\IntelliJ IDEA Community Edition 2020.3\bin -Dfile.encoding=UTF-8 
java_command: com.BackConnected.BackConnectedApplication
java_class_path (initial): C:\Users\roxan\Connected\BackConnected\target\classes;C:\Users\roxan\.m2\repository\org\springframework\boot\spring-boot-starter-websocket\2.4.3\spring-boot-starter-websocket-2.4.3.jar;C:\Users\roxan\.m2\repository\org\springframework\spring-messaging\5.3.4\spring-messaging-5.3.4.jar;C:\Users\roxan\.m2\repository\org\springframework\spring-beans\5.3.4\spring-beans-5.3.4.jar;C:\Users\roxan\.m2\repository\org\springframework\spring-websocket\5.3.4\spring-websocket-5.3.4.jar;C:\Users\roxan\.m2\repository\io\projectreactor\reactor-core\3.4.3\reactor-core-3.4.3.jar;C:\Users\roxan\.m2\repository\org\reactivestreams\reactive-streams\1.0.3\reactive-streams-1.0.3.jar;C:\Users\roxan\.m2\repository\com\github\javafaker\javafaker\1.0.2\javafaker-1.0.2.jar;C:\Users\roxan\.m2\repository\org\apache\commons\commons-lang3\3.11\commons-lang3-3.11.jar;C:\Users\roxan\.m2\repository\org\yaml\snakeyaml\1.23\snakeyaml-1.23-android.jar;C:\Users\roxan\.m2\repository\com\github\mifmif\generex\1.0.2\generex-1.0.2.jar;C:\Users\roxan\.m2\repository\dk\brics\automaton\automaton\1.11-8\automaton-1.11-8.jar;C:\Users\roxan\.m2\repository\com\google\code\gson\gson\2.8.6\gson-2.8.6.jar;C:\Users\roxan\.m2\repository\javax\activation\activation\1.1.1\activation-1.1.1.jar;C:\Users\roxan\.m2\repository\org\springframework\boot\spring-boot-devtools\2.4.3\spring-boot-devtools-2.4.3.jar;C:\Users\roxan\.m2\repository\org\springframework\boot\spring-boot\2.4.3\spring-boot-2.4.3.jar;C:\Users\roxan\.m2\repository\org\springframework\boot\spring-boot-autoconfigure\2.4.3\spring-boot-autoconfigure-2.4.3.jar;C:\Users\roxan\.m2\repository\org\springframework\boot\spring-boot-starter-data-jpa\2.4.3\spring-boot-starter-data-jpa-2.4.3.jar;C:\Users\roxan\.m2\repository\org\springframework\boot\spring-boot-starter-aop\2.4.3\spring-boot-starter-aop-2.4.3.jar;C:\Users\roxan\.m2\repository\org\aspectj\aspectjweaver\1.9.6\aspectjweaver-1.9.6.jar;C:\Users\roxan\.m2\repository\org\springframework\b
Launcher Type: SUN_STANDARD

[Global flags]
     intx CICompilerCount                          = 4                                         {product} {ergonomic}
     uint ConcGCThreads                            = 2                                         {product} {ergonomic}
     uint G1ConcRefinementThreads                  = 8                                         {product} {ergonomic}
   size_t G1HeapRegionSize                         = 1048576                                   {product} {ergonomic}
    uintx GCDrainStackTargetSize                   = 64                                        {product} {ergonomic}
   size_t InitialHeapSize                          = 132120576                                 {product} {ergonomic}
   size_t MarkStackSize                            = 4194304                                   {product} {ergonomic}
   size_t MaxHeapSize                              = 2109734912                                {product} {ergonomic}
   size_t MaxNewSize                               = 1265631232                                {product} {ergonomic}
   size_t MinHeapDeltaBytes                        = 1048576                                   {product} {ergonomic}
    uintx NonNMethodCodeHeapSize                   = 5836300                                {pd product} {ergonomic}
    uintx NonProfiledCodeHeapSize                  = 122910970                              {pd product} {ergonomic}
    uintx ProfiledCodeHeapSize                     = 122910970                              {pd product} {ergonomic}
    uintx ReservedCodeCacheSize                    = 251658240                              {pd product} {ergonomic}
     bool SegmentedCodeCache                       = true                                      {product} {ergonomic}
     bool UseCompressedClassPointers               = true                                 {lp64_product} {ergonomic}
     bool UseCompressedOops                        = true                                 {lp64_product} {ergonomic}
     bool UseG1GC                                  = true                                      {product} {ergonomic}
     bool UseLargePagesIndividualAllocation        = false                                  {pd product} {ergonomic}

Logging:
Log output configuration:
 #0: stdout all=warning uptime,level,tags
 #1: stderr all=off uptime,level,tags

Environment Variables:
PATH=C:\Program Files (x86)\Common Files\Oracle\Java\javapath;C:\Program Files\Microsoft MPI\Bin\;C:\WINDOWS\system32;C:\WINDOWS;C:\WINDOWS\System32\Wbem;C:\WINDOWS\System32\WindowsPowerShell\v1.0\;C:\WINDOWS\System32\OpenSSH\;C:\Program Files\dotnet\;C:\Program Files\Microsoft SQL Server\130\Tools\Binn\;C:\Program Files\Microsoft SQL Server\Client SDK\ODBC\170\Tools\Binn\;C:\Program Files (x86)\Windows Kits\10\Windows Performance Toolkit\;C:\Program Files\CMake\bin;C:\Program Files\Git\cmd;C:\Program Files\nodejs\;C:\Program Files\MATLAB\R2016a\runtime\win64;C:\Program Files\MATLAB\R2016a\bin;C:\Program Files (x86)\Microsoft SQL Server\150\Tools\Binn\;C:\Program Files\Microsoft SQL Server\150\Tools\Binn\;C:\Program Files\Microsoft SQL Server\150\DTS\Binn\;C:\DeepStack\server;C:\Program Files\MySQL\MySQL Shell 8.0\bin\;C:\Users\roxan\AppData\Local\Microsoft\WindowsApps;C:\Users\roxan\.dotnet\tools;C:\Program Files\JetBrains\PyCharm Community Edition 2020.2.3\bin;C:\Users\roxan\AppData\Local\Programs\Microsoft VS Code\bin;C:\Users\roxan\AppData\Roaming\npm;C:\Program Files\JetBrains\IntelliJ IDEA Community Edition 2020.3\bin;
USERNAME=roxan
OS=Windows_NT
PROCESSOR_IDENTIFIER=Intel64 Family 6 Model 142 Stepping 12, GenuineIntel



---------------  S Y S T E M  ---------------

OS: Windows 10 , 64 bit Build 19041 (10.0.19041.1023)
OS uptime: 4 days 20:02 hours

CPU:total 8 (initial active 8) (4 cores per cpu, 2 threads per core) family 6 model 142 stepping 12, cmov, cx8, fxsr, mmx, sse, sse2, sse3, ssse3, sse4.1, sse4.2, popcnt, avx, avx2, aes, clmul, erms, 3dnowpref, lzcnt, ht, tsc, tscinvbit, bmi1, bmi2, adx, fma

Memory: 4k page, system-wide physical 8043M (541M free)
TotalPageFile size 28808M (AvailPageFile size 23M)
current process WorkingSet (physical memory assigned to process): 38M, peak: 353M
current process commit charge ("private bytes"): 362M, peak: 417M

vm_info: OpenJDK 64-Bit Server VM (11.0.9.1+12-LTS) for windows-amd64 JRE (11.0.9.1+12-LTS), built on Nov  4 2020 10:17:53 by "Administrator" with MS VC++ 15.9 (VS2017)

END.
